<?xml version="1.0" encoding="UTF-8"?>
<!-- Generated by org.testng.reporters.JUnitReportReporter -->
<testsuite hostname="Anil" failures="0" tests="1" name="com.inetBankings.pageobject.amazonMainPage" time="13.367" errors="0" timestamp="10 Apr 2021 04:41:10 GMT" skipped="0">
  <testcase classname="com.inetBankings.pageobject.amazonMainPage" name="Login" time="13.367"/>
</testsuite> <!-- com.inetBankings.pageobject.amazonMainPage -->
