<?xml version="1.0" encoding="UTF-8"?>
<!-- Generated by org.testng.reporters.JUnitReportReporter -->
<testsuite hostname="Anil" failures="0" tests="1" name="TestNG.TC_amazonHomePage_001" time="0.024" errors="0" timestamp="07 Apr 2021 09:58:53 GMT" skipped="0">
  <testcase classname="TestNG.TC_amazonHomePage_001" name="bun" time="0.024"/>
</testsuite> <!-- TestNG.TC_amazonHomePage_001 -->
