<?xml version="1.0" encoding="UTF-8"?>
<!-- Generated by org.testng.reporters.JUnitReportReporter -->
<testsuite hostname="Anil" failures="0" tests="1" name="com.inetBankings.pageobject.BasePage" time="11.815" errors="0" timestamp="10 Apr 2021 16:17:53 GMT" skipped="0">
  <testcase classname="com.inetBankings.pageobject.BasePage" name="Login" time="11.815"/>
</testsuite> <!-- com.inetBankings.pageobject.BasePage -->
