<?xml version="1.0" encoding="UTF-8"?>
<!-- Generated by org.testng.reporters.JUnitReportReporter -->
<testsuite hostname="Anil" failures="0" tests="1" name="com.sugestar.testCases.VerifyOperationCreation" time="4.931" errors="0" timestamp="2021-06-10T17:26:18 IST" skipped="0">
  <testcase classname="com.sugestar.testCases.VerifyOperationCreation" name="VerifyOperationTest" time="4.931"/>
  <system-out/>
</testsuite> <!-- com.sugestar.testCases.VerifyOperationCreation -->
