<?xml version="1.0" encoding="UTF-8"?>
<!-- Generated by org.testng.reporters.JUnitReportReporter -->
<testsuite hostname="Anil" failures="0" tests="2" name="com.sugestar.genaric.library.BaseTest" time="5.054" errors="0" timestamp="2021-05-25T20:38:47 IST" skipped="0">
  <testcase classname="com.sugestar.genaric.library.BaseTest" name="tearDown" time="0.157"/>
  <system-out/>
  <testcase classname="com.sugestar.genaric.library.BaseTest" name="Lunch_browser" time="4.897"/>
  <system-out/>
</testsuite> <!-- com.sugestar.genaric.library.BaseTest -->
