<?xml version="1.0" encoding="UTF-8"?>
<!-- Generated by org.testng.reporters.JUnitReportReporter -->
<testsuite hostname="Anil" failures="0" tests="1" name="com.sugestar.genaric.library.TakingScreenshots$TakingScreenShot" time="12.636" errors="0" timestamp="2021-05-30T14:59:08 IST" skipped="0">
  <testcase classname="com.sugestar.genaric.library.TakingScreenshots$TakingScreenShot" name="TakeScreenShot" time="12.636"/>
  <system-out/>
</testsuite> <!-- com.sugestar.genaric.library.TakingScreenshots$TakingScreenShot -->
